c:\users\lenovo\source\repos\clabmfc\clabmfc\debug\clabmfc.pch
c:\users\lenovo\source\repos\clabmfc\clabmfc\debug\vc142.pdb
c:\users\lenovo\source\repos\clabmfc\clabmfc\debug\vc142.idb
c:\users\lenovo\source\repos\clabmfc\clabmfc\debug\pch.obj
c:\users\lenovo\source\repos\clabmfc\clabmfc\debug\datainput.obj
c:\users\lenovo\source\repos\clabmfc\clabmfc\debug\clabmfcdlg.obj
c:\users\lenovo\source\repos\clabmfc\clabmfc\debug\clabmfc.obj
c:\users\lenovo\source\repos\clabmfc\debug\clabmfc.exe
c:\users\lenovo\source\repos\clabmfc\debug\clabmfc.ilk
c:\users\lenovo\source\repos\clabmfc\debug\clabmfc.pdb
c:\users\lenovo\source\repos\clabmfc\clabmfc\debug\clabmfc.res
c:\users\lenovo\source\repos\clabmfc\clabmfc\debug\summaryl.obj
c:\users\lenovo\source\repos\clabmfc\clabmfc\debug\clabmfc.tlog\cl.command.1.tlog
c:\users\lenovo\source\repos\clabmfc\clabmfc\debug\clabmfc.tlog\cl.read.1.tlog
c:\users\lenovo\source\repos\clabmfc\clabmfc\debug\clabmfc.tlog\cl.write.1.tlog
c:\users\lenovo\source\repos\clabmfc\clabmfc\debug\clabmfc.tlog\link.command.1.tlog
c:\users\lenovo\source\repos\clabmfc\clabmfc\debug\clabmfc.tlog\link.read.1.tlog
c:\users\lenovo\source\repos\clabmfc\clabmfc\debug\clabmfc.tlog\link.write.1.tlog
c:\users\lenovo\source\repos\clabmfc\clabmfc\debug\clabmfc.tlog\rc.command.1.tlog
c:\users\lenovo\source\repos\clabmfc\clabmfc\debug\clabmfc.tlog\rc.read.1.tlog
c:\users\lenovo\source\repos\clabmfc\clabmfc\debug\clabmfc.tlog\rc.write.1.tlog
